<?xml version="1.0" encoding="UTF-8" ?>
<testsuite errors="0" failures="0" hostname="DESKTOP-9PHIP5K" name="KLD.util.ShapeMakerTest" skipped="0" tests="1" time="0.125" timestamp="2016-03-07T21:41:45">
  <properties>
[...]
</properties>
  <testcase classname="KLD.util.ShapeMakerTest" name="ShapeTest" time="0.088" />
  <system-out><![CDATA[Created a list called ShapeMaker's commandList1
new first Command Menu0 added to ShapeMaker's commandList1
new Command New Button2 added to ShapeMaker's commandList1
new Command Save Button3 added to ShapeMaker's commandList1
new Command Undo Button4 added to ShapeMaker's commandList1
new Command Line Button6 added to ShapeMaker's commandList1
new Command Curve Button5 added to ShapeMaker's commandList1
new Command Rect Button7 added to ShapeMaker's commandList1
new Command Oval Button8 added to ShapeMaker's commandList1
]]></system-out>
  <system-err><![CDATA[]]></system-err>
</testsuite>
