<?xml version="1.0" encoding="UTF-8" ?>
<testsuites>
  <testsuite errors="1" failures="0" hostname="DESKTOP-9PHIP5K" id="0" name="ChessGameTest" package="GamePanels" skipped="0" tests="1" time="0.0" timestamp="2016-03-07T21:13:49">
      <properties>
[...]
</properties>

      <error message="GamePanels.ChessGameTest" type="java.lang.ClassNotFoundException">java.lang.ClassNotFoundException: GamePanels.ChessGameTest
	at java.net.URLClassLoader.findClass(URLClassLoader.java:381)
	at java.lang.ClassLoader.loadClass(ClassLoader.java:424)
	at sun.misc.Launcher$AppClassLoader.loadClass(Launcher.java:331)
	at java.lang.ClassLoader.loadClass(ClassLoader.java:357)
	at java.lang.Class.forName0(Native Method)
	at java.lang.Class.forName(Class.java:264)
</error>

      <system-out><![CDATA[]]></system-out>

      <system-err><![CDATA[]]></system-err>

  </testsuite>
  <testsuite errors="0" failures="0" hostname="DESKTOP-9PHIP5K" id="1" name="LauncherTest" package="GamePanels" skipped="0" tests="1" time="0.197" timestamp="2016-03-07T21:41:08">
      <properties>
[...]
</properties>

      <testcase classname="GamePanels.LauncherTest" name="Launchtest" time="0.158" />

      <system-out><![CDATA[Created a list called Unnamed's drawList4
new first Command UnforAndForfitDraw3 added to Unnamed's drawList4
]]></system-out>

      <system-err><![CDATA[java.lang.NullPointerException
	at GamePanels.MultiplayerChessGame.init(MultiplayerChessGame.java:252)
	at KLD.Console.<init>(Console.java:101)
	at KLD.GameFrame.launch(GameFrame.java:68)
	at GamePanels.Launcher.main(Launcher.java:27)
	at GamePanels.LauncherTest.Launchtest(LauncherTest.java:13)
	at sun.reflect.NativeMethodAccessorImpl.invoke0(Native Method)
	at sun.reflect.NativeMethodAccessorImpl.invoke(NativeMethodAccessorImpl.java:62)
	at sun.reflect.DelegatingMethodAccessorImpl.invoke(DelegatingMethodAccessorImpl.java:43)
	at java.lang.reflect.Method.invoke(Method.java:497)
	at org.junit.runners.model.FrameworkMethod$1.runReflectiveCall(FrameworkMethod.java:50)
	at org.junit.internal.runners.model.ReflectiveCallable.run(ReflectiveCallable.java:12)
	at org.junit.runners.model.FrameworkMethod.invokeExplosively(FrameworkMethod.java:47)
	at org.junit.internal.runners.statements.InvokeMethod.evaluate(InvokeMethod.java:17)
	at org.junit.runners.ParentRunner.runLeaf(ParentRunner.java:325)
	at org.junit.runners.BlockJUnit4ClassRunner.runChild(BlockJUnit4ClassRunner.java:78)
	at org.junit.runners.BlockJUnit4ClassRunner.runChild(BlockJUnit4ClassRunner.java:57)
	at org.junit.runners.ParentRunner$3.run(ParentRunner.java:290)
	at org.junit.runners.ParentRunner$1.schedule(ParentRunner.java:71)
	at org.junit.runners.ParentRunner.runChildren(ParentRunner.java:288)
	at org.junit.runners.ParentRunner.access$000(ParentRunner.java:58)
	at org.junit.runners.ParentRunner$2.evaluate(ParentRunner.java:268)
	at org.junit.runners.ParentRunner.run(ParentRunner.java:363)
	at junit.framework.JUnit4TestAdapter.run(JUnit4TestAdapter.java:38)
	at org.apache.tools.ant.taskdefs.optional.junit.JUnitTestRunner.run(JUnitTestRunner.java:532)
	at org.apache.tools.ant.taskdefs.optional.junit.JUnitTestRunner.launch(JUnitTestRunner.java:1179)
	at org.apache.tools.ant.taskdefs.optional.junit.JUnitTestRunner.main(JUnitTestRunner.java:1030)
]]></system-err>

  </testsuite>
  <testsuite errors="0" failures="0" hostname="DESKTOP-9PHIP5K" id="2" name="MultiplayerChessGameTest" package="GamePanels" skipped="0" tests="1" time="0.085" timestamp="2016-03-07T21:41:14">
      <properties>
[...]
</properties>

      <testcase classname="GamePanels.MultiplayerChessGameTest" name="MCGtest" time="0.048" />

      <system-out><![CDATA[Unnamed game has ended]]></system-out>

      <system-err><![CDATA[]]></system-err>

  </testsuite>
  <testsuite errors="0" failures="0" hostname="DESKTOP-9PHIP5K" id="3" name="SinglePlayerChessTest" package="GamePanels" skipped="0" tests="1" time="0.128" timestamp="2016-03-07T21:41:14">
      <properties>
[...]
</properties>

      <testcase classname="GamePanels.SinglePlayerChessTest" name="SPtest" time="0.092" />

      <system-out><![CDATA[Created a list called SinglePlayerChess's drawList4
new first Command UnforAndForfitDraw3 added to SinglePlayerChess's drawList4
Created a list called SinglePlayerChess's commandList5
new first Command BoardUI0 added to SinglePlayerChess's commandList5
new Command Undo1 added to SinglePlayerChess's commandList5
new Command Forfiet2 added to SinglePlayerChess's commandList5
]]></system-out>

      <system-err><![CDATA[]]></system-err>

  </testsuite>
  <testsuite errors="0" failures="0" hostname="DESKTOP-9PHIP5K" id="4" name="AnimationTest" package="KLD" skipped="0" tests="1" time="0.04" timestamp="2016-03-07T21:41:14">
      <properties>
[...]
</properties>

      <testcase classname="KLD.AnimationTest" name="Animtest" time="0.002" />

      <system-out><![CDATA[]]></system-out>

      <system-err><![CDATA[java.lang.Exception: images array doesn't match delay length
	at KLD.Animation.<init>(Animation.java:73)
	at KLD.AnimationTest.Animtest(AnimationTest.java:25)
	at sun.reflect.NativeMethodAccessorImpl.invoke0(Native Method)
	at sun.reflect.NativeMethodAccessorImpl.invoke(NativeMethodAccessorImpl.java:62)
	at sun.reflect.DelegatingMethodAccessorImpl.invoke(DelegatingMethodAccessorImpl.java:43)
	at java.lang.reflect.Method.invoke(Method.java:497)
	at org.junit.runners.model.FrameworkMethod$1.runReflectiveCall(FrameworkMethod.java:50)
	at org.junit.internal.runners.model.ReflectiveCallable.run(ReflectiveCallable.java:12)
	at org.junit.runners.model.FrameworkMethod.invokeExplosively(FrameworkMethod.java:47)
	at org.junit.internal.runners.statements.InvokeMethod.evaluate(InvokeMethod.java:17)
	at org.junit.runners.ParentRunner.runLeaf(ParentRunner.java:325)
	at org.junit.runners.BlockJUnit4ClassRunner.runChild(BlockJUnit4ClassRunner.java:78)
	at org.junit.runners.BlockJUnit4ClassRunner.runChild(BlockJUnit4ClassRunner.java:57)
	at org.junit.runners.ParentRunner$3.run(ParentRunner.java:290)
	at org.junit.runners.ParentRunner$1.schedule(ParentRunner.java:71)
	at org.junit.runners.ParentRunner.runChildren(ParentRunner.java:288)
	at org.junit.runners.ParentRunner.access$000(ParentRunner.java:58)
	at org.junit.runners.ParentRunner$2.evaluate(ParentRunner.java:268)
	at org.junit.runners.ParentRunner.run(ParentRunner.java:363)
	at junit.framework.JUnit4TestAdapter.run(JUnit4TestAdapter.java:38)
	at org.apache.tools.ant.taskdefs.optional.junit.JUnitTestRunner.run(JUnitTestRunner.java:532)
	at org.apache.tools.ant.taskdefs.optional.junit.JUnitTestRunner.launch(JUnitTestRunner.java:1179)
	at org.apache.tools.ant.taskdefs.optional.junit.JUnitTestRunner.main(JUnitTestRunner.java:1030)
java.lang.Exception: Array length doesn't match: input 2 != current 4
	at KLD.Animation.setImages(Animation.java:293)
	at KLD.AnimationTest.Animtest(AnimationTest.java:51)
	at sun.reflect.NativeMethodAccessorImpl.invoke0(Native Method)
	at sun.reflect.NativeMethodAccessorImpl.invoke(NativeMethodAccessorImpl.java:62)
	at sun.reflect.DelegatingMethodAccessorImpl.invoke(DelegatingMethodAccessorImpl.java:43)
	at java.lang.reflect.Method.invoke(Method.java:497)
	at org.junit.runners.model.FrameworkMethod$1.runReflectiveCall(FrameworkMethod.java:50)
	at org.junit.internal.runners.model.ReflectiveCallable.run(ReflectiveCallable.java:12)
	at org.junit.runners.model.FrameworkMethod.invokeExplosively(FrameworkMethod.java:47)
	at org.junit.internal.runners.statements.InvokeMethod.evaluate(InvokeMethod.java:17)
	at org.junit.runners.ParentRunner.runLeaf(ParentRunner.java:325)
	at org.junit.runners.BlockJUnit4ClassRunner.runChild(BlockJUnit4ClassRunner.java:78)
	at org.junit.runners.BlockJUnit4ClassRunner.runChild(BlockJUnit4ClassRunner.java:57)
	at org.junit.runners.ParentRunner$3.run(ParentRunner.java:290)
	at org.junit.runners.ParentRunner$1.schedule(ParentRunner.java:71)
	at org.junit.runners.ParentRunner.runChildren(ParentRunner.java:288)
	at org.junit.runners.ParentRunner.access$000(ParentRunner.java:58)
	at org.junit.runners.ParentRunner$2.evaluate(ParentRunner.java:268)
	at org.junit.runners.ParentRunner.run(ParentRunner.java:363)
	at junit.framework.JUnit4TestAdapter.run(JUnit4TestAdapter.java:38)
	at org.apache.tools.ant.taskdefs.optional.junit.JUnitTestRunner.run(JUnitTestRunner.java:532)
	at org.apache.tools.ant.taskdefs.optional.junit.JUnitTestRunner.launch(JUnitTestRunner.java:1179)
	at org.apache.tools.ant.taskdefs.optional.junit.JUnitTestRunner.main(JUnitTestRunner.java:1030)
]]></system-err>

  </testsuite>
  <testsuite errors="0" failures="0" hostname="DESKTOP-9PHIP5K" id="5" name="ConsoleTest" package="KLD" skipped="0" tests="1" time="0.122" timestamp="2016-03-07T21:41:09">
      <properties>
[...]
</properties>

      <testcase classname="KLD.ConsoleTest" name="constest" time="0.086" />

      <system-out><![CDATA[Console object is created
Console Running with 30 FPS
FPS set to 25
]]></system-out>

      <system-err><![CDATA[]]></system-err>

  </testsuite>
  <testsuite errors="0" failures="0" hostname="DESKTOP-9PHIP5K" id="6" name="GameFrameTest" package="KLD" skipped="0" tests="1" time="0.151" timestamp="2016-03-07T21:41:10">
      <properties>
[...]
</properties>

      <testcase classname="KLD.GameFrameTest" name="Frametest" time="0.111" />

      <system-out><![CDATA[]]></system-out>

      <system-err><![CDATA[]]></system-err>

  </testsuite>
  <testsuite errors="0" failures="0" hostname="DESKTOP-9PHIP5K" id="7" name="GameObjectMapTest" package="KLD" skipped="0" tests="1" time="0.041" timestamp="2016-03-07T21:41:10">
      <properties>
[...]
</properties>

      <testcase classname="KLD.GameObjectMapTest" name="Maptest" time="0.002" />

      <system-out><![CDATA[]]></system-out>

      <system-err><![CDATA[]]></system-err>

  </testsuite>
  <testsuite errors="0" failures="0" hostname="DESKTOP-9PHIP5K" id="8" name="GameTest" package="KLD" skipped="0" tests="1" time="0.037" timestamp="2016-03-07T21:41:10">
      <properties>
[...]
</properties>

      <testcase classname="KLD.GameTest" name="GamTest" time="0.0" />

      <system-out><![CDATA[]]></system-out>

      <system-err><![CDATA[]]></system-err>

  </testsuite>
  <testsuite errors="0" failures="0" hostname="DESKTOP-9PHIP5K" id="9" name="GameObjectTest" package="KLD.obj" skipped="0" tests="1" time="0.056" timestamp="2016-03-07T21:41:11">
      <properties>
[...]
</properties>

      <testcase classname="KLD.obj.GameObjectTest" name="Objtest" time="0.016" />

      <system-out><![CDATA[]]></system-out>

      <system-err><![CDATA[]]></system-err>

  </testsuite>
  <testsuite errors="0" failures="0" hostname="DESKTOP-9PHIP5K" id="10" name="MathTest" package="KLD.util" skipped="0" tests="1" time="0.038" timestamp="2016-03-07T21:41:11">
      <properties>
[...]
</properties>

      <testcase classname="KLD.util.MathTest" name="BaseMathTest" time="0.002" />

      <system-out><![CDATA[Length of numberList: 5
I'm done
Numbers = 2,2,3,7,2,
Ops: +,-,*,/,
Answer is 3
]]></system-out>

      <system-err><![CDATA[]]></system-err>

  </testsuite>
  <testsuite errors="0" failures="0" hostname="DESKTOP-9PHIP5K" id="11" name="ShapeMakerTest" package="KLD.util" skipped="0" tests="1" time="0.129" timestamp="2016-03-07T21:41:16">
      <properties>
[...]
</properties>

      <testcase classname="KLD.util.ShapeMakerTest" name="ShapeTest" time="0.09" />

      <system-out><![CDATA[Created a list called ShapeMaker's commandList1
new first Command Menu0 added to ShapeMaker's commandList1
new Command New Button2 added to ShapeMaker's commandList1
new Command Save Button3 added to ShapeMaker's commandList1
new Command Undo Button4 added to ShapeMaker's commandList1
new Command Line Button6 added to ShapeMaker's commandList1
new Command Curve Button5 added to ShapeMaker's commandList1
new Command Rect Button7 added to ShapeMaker's commandList1
new Command Oval Button8 added to ShapeMaker's commandList1
]]></system-out>

      <system-err><![CDATA[]]></system-err>

  </testsuite>
  <testsuite errors="0" failures="0" hostname="DESKTOP-9PHIP5K" id="12" name="MenusTest" package="menus" skipped="0" tests="1" time="0.386" timestamp="2016-03-07T21:41:12">
      <properties>
[...]
</properties>

      <testcase classname="menus.MenusTest" name="Menaltest" time="0.349" />

      <system-out><![CDATA[]]></system-out>

      <system-err><![CDATA[org.json.JSONException: JSONObject["win"] not found.
	at org.json.JSONObject.get(JSONObject.java:454)
	at org.json.JSONObject.getInt(JSONObject.java:514)
	at menus.Stats.<init>(Stats.java:107)
	at menus.MenusTest.Menaltest(MenusTest.java:20)
	at sun.reflect.NativeMethodAccessorImpl.invoke0(Native Method)
	at sun.reflect.NativeMethodAccessorImpl.invoke(NativeMethodAccessorImpl.java:62)
	at sun.reflect.DelegatingMethodAccessorImpl.invoke(DelegatingMethodAccessorImpl.java:43)
	at java.lang.reflect.Method.invoke(Method.java:497)
	at org.junit.runners.model.FrameworkMethod$1.runReflectiveCall(FrameworkMethod.java:50)
	at org.junit.internal.runners.model.ReflectiveCallable.run(ReflectiveCallable.java:12)
	at org.junit.runners.model.FrameworkMethod.invokeExplosively(FrameworkMethod.java:47)
	at org.junit.internal.runners.statements.InvokeMethod.evaluate(InvokeMethod.java:17)
	at org.junit.runners.ParentRunner.runLeaf(ParentRunner.java:325)
	at org.junit.runners.BlockJUnit4ClassRunner.runChild(BlockJUnit4ClassRunner.java:78)
	at org.junit.runners.BlockJUnit4ClassRunner.runChild(BlockJUnit4ClassRunner.java:57)
	at org.junit.runners.ParentRunner$3.run(ParentRunner.java:290)
	at org.junit.runners.ParentRunner$1.schedule(ParentRunner.java:71)
	at org.junit.runners.ParentRunner.runChildren(ParentRunner.java:288)
	at org.junit.runners.ParentRunner.access$000(ParentRunner.java:58)
	at org.junit.runners.ParentRunner$2.evaluate(ParentRunner.java:268)
	at org.junit.runners.ParentRunner.run(ParentRunner.java:363)
	at junit.framework.JUnit4TestAdapter.run(JUnit4TestAdapter.java:38)
	at org.apache.tools.ant.taskdefs.optional.junit.JUnitTestRunner.run(JUnitTestRunner.java:532)
	at org.apache.tools.ant.taskdefs.optional.junit.JUnitTestRunner.launch(JUnitTestRunner.java:1179)
	at org.apache.tools.ant.taskdefs.optional.junit.JUnitTestRunner.main(JUnitTestRunner.java:1030)
]]></system-err>

  </testsuite>
  <testsuite errors="0" failures="0" hostname="DESKTOP-9PHIP5K" id="13" name="ChessBoardTest" package="model" skipped="0" tests="1" time="0.049" timestamp="2016-03-07T21:41:36">
      <properties>
[...]
</properties>

      <testcase classname="model.ChessBoardTest" name="BoardTest" time="0.013" />

      <system-out><![CDATA[]]></system-out>

      <system-err><![CDATA[]]></system-err>

  </testsuite>
  <testsuite errors="0" failures="0" hostname="DESKTOP-9PHIP5K" id="14" name="ControllerTest" package="model" skipped="0" tests="1" time="0.042" timestamp="2016-03-07T21:41:15">
      <properties>
[...]
</properties>

      <testcase classname="model.ControllerTest" name="contest" time="0.004" />

      <system-out><![CDATA[]]></system-out>

      <system-err><![CDATA[]]></system-err>

  </testsuite>
  <testsuite errors="0" failures="0" hostname="DESKTOP-9PHIP5K" id="15" name="PlayerControllerTest" package="model" skipped="0" tests="1" time="0.354" timestamp="2016-03-07T21:41:15">
      <properties>
[...]
</properties>

      <testcase classname="model.PlayerControllerTest" name="PlayerControllerTest" time="0.315" />

      <system-out><![CDATA[]]></system-out>

      <system-err><![CDATA[java.io.IOException: Server returned HTTP response code: 400 for URL: http://serene-stream-56878.herokuapp.com/createAccount
	at sun.reflect.NativeConstructorAccessorImpl.newInstance0(Native Method)
	at sun.reflect.NativeConstructorAccessorImpl.newInstance(NativeConstructorAccessorImpl.java:62)
	at sun.reflect.DelegatingConstructorAccessorImpl.newInstance(DelegatingConstructorAccessorImpl.java:45)
	at java.lang.reflect.Constructor.newInstance(Constructor.java:422)
	at sun.net.www.protocol.http.HttpURLConnection$10.run(HttpURLConnection.java:1890)
	at sun.net.www.protocol.http.HttpURLConnection$10.run(HttpURLConnection.java:1885)
	at java.security.AccessController.doPrivileged(Native Method)
	at sun.net.www.protocol.http.HttpURLConnection.getChainedException(HttpURLConnection.java:1884)
	at sun.net.www.protocol.http.HttpURLConnection.getInputStream0(HttpURLConnection.java:1457)
	at sun.net.www.protocol.http.HttpURLConnection.getInputStream(HttpURLConnection.java:1441)
	at model.ChessPlayerController.requestFromServer(ChessPlayerController.java:252)
	at model.ChessPlayerController.createAccount(ChessPlayerController.java:96)
	at model.ChessPlayerController.main(ChessPlayerController.java:59)
	at model.PlayerControllerTest.PlayerControllerTest(PlayerControllerTest.java:20)
	at sun.reflect.NativeMethodAccessorImpl.invoke0(Native Method)
	at sun.reflect.NativeMethodAccessorImpl.invoke(NativeMethodAccessorImpl.java:62)
	at sun.reflect.DelegatingMethodAccessorImpl.invoke(DelegatingMethodAccessorImpl.java:43)
	at java.lang.reflect.Method.invoke(Method.java:497)
	at org.junit.runners.model.FrameworkMethod$1.runReflectiveCall(FrameworkMethod.java:50)
	at org.junit.internal.runners.model.ReflectiveCallable.run(ReflectiveCallable.java:12)
	at org.junit.runners.model.FrameworkMethod.invokeExplosively(FrameworkMethod.java:47)
	at org.junit.internal.runners.statements.InvokeMethod.evaluate(InvokeMethod.java:17)
	at org.junit.runners.ParentRunner.runLeaf(ParentRunner.java:325)
	at org.junit.runners.BlockJUnit4ClassRunner.runChild(BlockJUnit4ClassRunner.java:78)
	at org.junit.runners.BlockJUnit4ClassRunner.runChild(BlockJUnit4ClassRunner.java:57)
	at org.junit.runners.ParentRunner$3.run(ParentRunner.java:290)
	at org.junit.runners.ParentRunner$1.schedule(ParentRunner.java:71)
	at org.junit.runners.ParentRunner.runChildren(ParentRunner.java:288)
	at org.junit.runners.ParentRunner.access$000(ParentRunner.java:58)
	at org.junit.runners.ParentRunner$2.evaluate(ParentRunner.java:268)
	at org.junit.runners.ParentRunner.run(ParentRunner.java:363)
	at junit.framework.JUnit4TestAdapter.run(JUnit4TestAdapter.java:38)
	at org.apache.tools.ant.taskdefs.optional.junit.JUnitTestRunner.run(JUnitTestRunner.java:532)
	at org.apache.tools.ant.taskdefs.optional.junit.JUnitTestRunner.launch(JUnitTestRunner.java:1179)
	at org.apache.tools.ant.taskdefs.optional.junit.JUnitTestRunner.main(JUnitTestRunner.java:1030)
Caused by: java.io.IOException: Server returned HTTP response code: 400 for URL: http://serene-stream-56878.herokuapp.com/createAccount
	at sun.net.www.protocol.http.HttpURLConnection.getInputStream0(HttpURLConnection.java:1840)
	at sun.net.www.protocol.http.HttpURLConnection.getInputStream(HttpURLConnection.java:1441)
	at java.net.HttpURLConnection.getResponseCode(HttpURLConnection.java:480)
	at model.ChessPlayerController.requestFromServer(ChessPlayerController.java:250)
	... 24 more
java.io.IOException: Server returned HTTP response code: 400 for URL: http://serene-stream-56878.herokuapp.com/createAccount
	at sun.reflect.NativeConstructorAccessorImpl.newInstance0(Native Method)
	at sun.reflect.NativeConstructorAccessorImpl.newInstance(NativeConstructorAccessorImpl.java:62)
	at sun.reflect.DelegatingConstructorAccessorImpl.newInstance(DelegatingConstructorAccessorImpl.java:45)
	at java.lang.reflect.Constructor.newInstance(Constructor.java:422)
	at sun.net.www.protocol.http.HttpURLConnection$10.run(HttpURLConnection.java:1890)
	at sun.net.www.protocol.http.HttpURLConnection$10.run(HttpURLConnection.java:1885)
	at java.security.AccessController.doPrivileged(Native Method)
	at sun.net.www.protocol.http.HttpURLConnection.getChainedException(HttpURLConnection.java:1884)
	at sun.net.www.protocol.http.HttpURLConnection.getInputStream0(HttpURLConnection.java:1457)
	at sun.net.www.protocol.http.HttpURLConnection.getInputStream(HttpURLConnection.java:1441)
	at model.ChessPlayerController.requestFromServer(ChessPlayerController.java:252)
	at model.ChessPlayerController.createAccount(ChessPlayerController.java:96)
	at model.PlayerControllerTest.PlayerControllerTest(PlayerControllerTest.java:23)
	at sun.reflect.NativeMethodAccessorImpl.invoke0(Native Method)
	at sun.reflect.NativeMethodAccessorImpl.invoke(NativeMethodAccessorImpl.java:62)
	at sun.reflect.DelegatingMethodAccessorImpl.invoke(DelegatingMethodAccessorImpl.java:43)
	at java.lang.reflect.Method.invoke(Method.java:497)
	at org.junit.runners.model.FrameworkMethod$1.runReflectiveCall(FrameworkMethod.java:50)
	at org.junit.internal.runners.model.ReflectiveCallable.run(ReflectiveCallable.java:12)
	at org.junit.runners.model.FrameworkMethod.invokeExplosively(FrameworkMethod.java:47)
	at org.junit.internal.runners.statements.InvokeMethod.evaluate(InvokeMethod.java:17)
	at org.junit.runners.ParentRunner.runLeaf(ParentRunner.java:325)
	at org.junit.runners.BlockJUnit4ClassRunner.runChild(BlockJUnit4ClassRunner.java:78)
	at org.junit.runners.BlockJUnit4ClassRunner.runChild(BlockJUnit4ClassRunner.java:57)
	at org.junit.runners.ParentRunner$3.run(ParentRunner.java:290)
	at org.junit.runners.ParentRunner$1.schedule(ParentRunner.java:71)
	at org.junit.runners.ParentRunner.runChildren(ParentRunner.java:288)
	at org.junit.runners.ParentRunner.access$000(ParentRunner.java:58)
	at org.junit.runners.ParentRunner$2.evaluate(ParentRunner.java:268)
	at org.junit.runners.ParentRunner.run(ParentRunner.java:363)
	at junit.framework.JUnit4TestAdapter.run(JUnit4TestAdapter.java:38)
	at org.apache.tools.ant.taskdefs.optional.junit.JUnitTestRunner.run(JUnitTestRunner.java:532)
	at org.apache.tools.ant.taskdefs.optional.junit.JUnitTestRunner.launch(JUnitTestRunner.java:1179)
	at org.apache.tools.ant.taskdefs.optional.junit.JUnitTestRunner.main(JUnitTestRunner.java:1030)
Caused by: java.io.IOException: Server returned HTTP response code: 400 for URL: http://serene-stream-56878.herokuapp.com/createAccount
	at sun.net.www.protocol.http.HttpURLConnection.getInputStream0(HttpURLConnection.java:1840)
	at sun.net.www.protocol.http.HttpURLConnection.getInputStream(HttpURLConnection.java:1441)
	at java.net.HttpURLConnection.getResponseCode(HttpURLConnection.java:480)
	at model.ChessPlayerController.requestFromServer(ChessPlayerController.java:250)
	... 23 more
]]></system-err>

  </testsuite>
</testsuites>
